01:51:40:911  INFO 22140 --- [nacos-grpc-client-executor-12851] com.alibaba.nacos.common.remote.client   : [c41ee7a5-77bf-4e0d-85d3-064467f7aa46] Receive server push request, request = ClientDetectionRequest, requestId = 124
01:51:40:916  INFO 22140 --- [nacos-grpc-client-executor-12851] com.alibaba.nacos.common.remote.client   : [c41ee7a5-77bf-4e0d-85d3-064467f7aa46] Ack server push request, request = ClientDetectionRequest, requestId = 124
10:24:50:635  INFO 22140 --- [nacos-grpc-client-executor-13923] com.alibaba.nacos.common.remote.client   : [c41ee7a5-77bf-4e0d-85d3-064467f7aa46] Receive server push request, request = ClientDetectionRequest, requestId = 130
10:24:50:637  INFO 22140 --- [nacos-grpc-client-executor-13923] com.alibaba.nacos.common.remote.client   : [c41ee7a5-77bf-4e0d-85d3-064467f7aa46] Ack server push request, request = ClientDetectionRequest, requestId = 130
14:29:31:325  INFO 22140 --- [nacos-grpc-client-executor-18066] com.alibaba.nacos.common.remote.client   : [c41ee7a5-77bf-4e0d-85d3-064467f7aa46] Receive server push request, request = ClientDetectionRequest, requestId = 134
14:29:31:327  INFO 22140 --- [nacos-grpc-client-executor-18066] com.alibaba.nacos.common.remote.client   : [c41ee7a5-77bf-4e0d-85d3-064467f7aa46] Ack server push request, request = ClientDetectionRequest, requestId = 134
20:29:15:856  INFO 22140 --- [nacos-grpc-client-executor-16925] com.alibaba.nacos.common.remote.client   : [970f1a87-9570-4e9c-a058-834f7a3fac46_config-0] Receive server push request, request = ClientDetectionRequest, requestId = 147
20:29:15:857  INFO 22140 --- [nacos-grpc-client-executor-16925] com.alibaba.nacos.common.remote.client   : [970f1a87-9570-4e9c-a058-834f7a3fac46_config-0] Ack server push request, request = ClientDetectionRequest, requestId = 147
20:29:15:880  INFO 22140 --- [nacos-grpc-client-executor-23516] com.alibaba.nacos.common.remote.client   : [c41ee7a5-77bf-4e0d-85d3-064467f7aa46] Receive server push request, request = ClientDetectionRequest, requestId = 144
20:29:15:881  INFO 22140 --- [nacos-grpc-client-executor-23516] com.alibaba.nacos.common.remote.client   : [c41ee7a5-77bf-4e0d-85d3-064467f7aa46] Ack server push request, request = ClientDetectionRequest, requestId = 144
20:58:05:813  INFO 22140 --- [nacos-grpc-client-executor-23995] com.alibaba.nacos.common.remote.client   : [c41ee7a5-77bf-4e0d-85d3-064467f7aa46] Receive server push request, request = NotifySubscriberRequest, requestId = 150
20:58:05:824  INFO 22140 --- [nacos-grpc-client-executor-23995] com.alibaba.nacos.common.remote.client   : [c41ee7a5-77bf-4e0d-85d3-064467f7aa46] Ack server push request, request = NotifySubscriberRequest, requestId = 150
20:58:09:766  INFO 22140 --- [nacos-grpc-client-executor-23996] com.alibaba.nacos.common.remote.client   : [c41ee7a5-77bf-4e0d-85d3-064467f7aa46] Receive server push request, request = NotifySubscriberRequest, requestId = 151
20:58:09:767  INFO 22140 --- [nacos-grpc-client-executor-23996] com.alibaba.nacos.common.remote.client   : [c41ee7a5-77bf-4e0d-85d3-064467f7aa46] Ack server push request, request = NotifySubscriberRequest, requestId = 151
20:58:11:694  INFO 22140 --- [nacos-grpc-client-executor-23997] com.alibaba.nacos.common.remote.client   : [c41ee7a5-77bf-4e0d-85d3-064467f7aa46] Receive server push request, request = NotifySubscriberRequest, requestId = 153
20:58:11:701  INFO 22140 --- [nacos-grpc-client-executor-23997] com.alibaba.nacos.common.remote.client   : [c41ee7a5-77bf-4e0d-85d3-064467f7aa46] Ack server push request, request = NotifySubscriberRequest, requestId = 153
20:59:55:676  INFO 22140 --- [nacos-grpc-client-executor-24035] com.alibaba.nacos.common.remote.client   : [c41ee7a5-77bf-4e0d-85d3-064467f7aa46] Receive server push request, request = NotifySubscriberRequest, requestId = 157
20:59:55:677  INFO 22140 --- [nacos-grpc-client-executor-24035] com.alibaba.nacos.common.remote.client   : [c41ee7a5-77bf-4e0d-85d3-064467f7aa46] Ack server push request, request = NotifySubscriberRequest, requestId = 157
21:00:01:869  INFO 22140 --- [nacos-grpc-client-executor-24036] com.alibaba.nacos.common.remote.client   : [c41ee7a5-77bf-4e0d-85d3-064467f7aa46] Receive server push request, request = NotifySubscriberRequest, requestId = 159
21:00:01:871  INFO 22140 --- [nacos-grpc-client-executor-24036] com.alibaba.nacos.common.remote.client   : [c41ee7a5-77bf-4e0d-85d3-064467f7aa46] Ack server push request, request = NotifySubscriberRequest, requestId = 159
21:00:06:341  INFO 22140 --- [nacos-grpc-client-executor-24037] com.alibaba.nacos.common.remote.client   : [c41ee7a5-77bf-4e0d-85d3-064467f7aa46] Receive server push request, request = NotifySubscriberRequest, requestId = 161
21:00:06:342  INFO 22140 --- [nacos-grpc-client-executor-24037] com.alibaba.nacos.common.remote.client   : [c41ee7a5-77bf-4e0d-85d3-064467f7aa46] Ack server push request, request = NotifySubscriberRequest, requestId = 161
21:24:00:559  INFO 22140 --- [nacos-grpc-client-executor-24438] com.alibaba.nacos.common.remote.client   : [c41ee7a5-77bf-4e0d-85d3-064467f7aa46] Receive server push request, request = NotifySubscriberRequest, requestId = 166
21:24:00:561  INFO 22140 --- [nacos-grpc-client-executor-24438] com.alibaba.nacos.common.remote.client   : [c41ee7a5-77bf-4e0d-85d3-064467f7aa46] Ack server push request, request = NotifySubscriberRequest, requestId = 166
21:24:17:796  INFO 22140 --- [nacos-grpc-client-executor-24441] com.alibaba.nacos.common.remote.client   : [c41ee7a5-77bf-4e0d-85d3-064467f7aa46] Receive server push request, request = NotifySubscriberRequest, requestId = 169
21:24:17:798  INFO 22140 --- [nacos-grpc-client-executor-24441] com.alibaba.nacos.common.remote.client   : [c41ee7a5-77bf-4e0d-85d3-064467f7aa46] Ack server push request, request = NotifySubscriberRequest, requestId = 169
21:27:41:538  INFO 22140 --- [nacos-grpc-client-executor-24502] com.alibaba.nacos.common.remote.client   : [c41ee7a5-77bf-4e0d-85d3-064467f7aa46] Receive server push request, request = NotifySubscriberRequest, requestId = 172
21:27:41:539  INFO 22140 --- [nacos-grpc-client-executor-24502] com.alibaba.nacos.common.remote.client   : [c41ee7a5-77bf-4e0d-85d3-064467f7aa46] Ack server push request, request = NotifySubscriberRequest, requestId = 172
21:28:01:826  INFO 22140 --- [nacos-grpc-client-executor-24506] com.alibaba.nacos.common.remote.client   : [c41ee7a5-77bf-4e0d-85d3-064467f7aa46] Receive server push request, request = NotifySubscriberRequest, requestId = 174
21:28:01:828  INFO 22140 --- [nacos-grpc-client-executor-24506] com.alibaba.nacos.common.remote.client   : [c41ee7a5-77bf-4e0d-85d3-064467f7aa46] Ack server push request, request = NotifySubscriberRequest, requestId = 174
21:41:09:905  INFO 22140 --- [nacos-grpc-client-executor-24717] com.alibaba.nacos.common.remote.client   : [c41ee7a5-77bf-4e0d-85d3-064467f7aa46] Receive server push request, request = NotifySubscriberRequest, requestId = 176
21:41:09:906  INFO 22140 --- [nacos-grpc-client-executor-24717] com.alibaba.nacos.common.remote.client   : [c41ee7a5-77bf-4e0d-85d3-064467f7aa46] Ack server push request, request = NotifySubscriberRequest, requestId = 176
21:41:27:158  INFO 22140 --- [nacos-grpc-client-executor-24724] com.alibaba.nacos.common.remote.client   : [c41ee7a5-77bf-4e0d-85d3-064467f7aa46] Receive server push request, request = NotifySubscriberRequest, requestId = 179
21:41:27:159  INFO 22140 --- [nacos-grpc-client-executor-24724] com.alibaba.nacos.common.remote.client   : [c41ee7a5-77bf-4e0d-85d3-064467f7aa46] Ack server push request, request = NotifySubscriberRequest, requestId = 179
21:54:36:422  INFO 22140 --- [nacos-grpc-client-executor-24910] com.alibaba.nacos.common.remote.client   : [c41ee7a5-77bf-4e0d-85d3-064467f7aa46] Receive server push request, request = NotifySubscriberRequest, requestId = 180
21:54:36:423  INFO 22140 --- [nacos-grpc-client-executor-24910] com.alibaba.nacos.common.remote.client   : [c41ee7a5-77bf-4e0d-85d3-064467f7aa46] Ack server push request, request = NotifySubscriberRequest, requestId = 180
21:54:53:660  INFO 22140 --- [nacos-grpc-client-executor-24913] com.alibaba.nacos.common.remote.client   : [c41ee7a5-77bf-4e0d-85d3-064467f7aa46] Receive server push request, request = NotifySubscriberRequest, requestId = 183
21:54:53:662  INFO 22140 --- [nacos-grpc-client-executor-24913] com.alibaba.nacos.common.remote.client   : [c41ee7a5-77bf-4e0d-85d3-064467f7aa46] Ack server push request, request = NotifySubscriberRequest, requestId = 183
