17:43:06:023  INFO 20208 --- [main] com.hmall.HMallApplication               : Starting HMallApplication using Java 11.0.15.1 on DESKTOP-KCVPND3 with PID 20208 (E:\ownspace\java\hmall\hmall\hm-service\target\classes started by xu in E:\ownspace\java\hmall\hmall)
17:43:06:029 DEBUG 20208 --- [main] com.hmall.HMallApplication               : Running with Spring Boot v2.7.12, Spring v5.3.27
17:43:06:029  INFO 20208 --- [main] com.hmall.HMallApplication               : The following 1 profile is active: "local"
17:43:06:489  INFO 20208 --- [main] .s.d.r.c.RepositoryConfigurationDelegate : Multiple Spring Data modules found, entering strict repository configuration mode
17:43:06:491  INFO 20208 --- [main] .s.d.r.c.RepositoryConfigurationDelegate : Bootstrapping Spring Data Redis repositories in DEFAULT mode.
17:43:06:509  INFO 20208 --- [main] .s.d.r.c.RepositoryConfigurationDelegate : Finished Spring Data repository scanning in 8 ms. Found 0 Redis repository interfaces.
17:43:06:803  INFO 20208 --- [main] o.s.b.w.embedded.tomcat.TomcatWebServer  : Tomcat initialized with port(s): 8080 (http)
17:43:06:804  INFO 20208 --- [main] o.a.catalina.core.AprLifecycleListener   : Loaded Apache Tomcat Native library [1.2.37] using APR version [1.7.4].
17:43:06:804  INFO 20208 --- [main] o.a.catalina.core.AprLifecycleListener   : APR capabilities: IPv6 [true], sendfile [true], accept filters [false], random [true], UDS [true].
17:43:06:804  INFO 20208 --- [main] o.a.catalina.core.AprLifecycleListener   : APR/OpenSSL configuration: useAprConnector [false], useOpenSSL [true]
17:43:06:806  INFO 20208 --- [main] o.a.catalina.core.AprLifecycleListener   : OpenSSL successfully initialized [OpenSSL 1.1.1u  30 May 2023]
17:43:06:810  INFO 20208 --- [main] o.apache.catalina.core.StandardService   : Starting service [Tomcat]
17:43:06:811  INFO 20208 --- [main] org.apache.catalina.core.StandardEngine  : Starting Servlet engine: [Apache Tomcat/9.0.75]
17:43:06:880  INFO 20208 --- [main] o.a.c.c.C.[Tomcat].[localhost].[/]       : Initializing Spring embedded WebApplicationContext
17:43:06:880  INFO 20208 --- [main] w.s.c.ServletWebServerApplicationContext : Root WebApplicationContext: initialization completed in 824 ms
17:43:08:422  INFO 20208 --- [main] pertySourcedRequestMappingHandlerMapping : Mapped URL path [/v2/api-docs] onto method [springfox.documentation.swagger2.web.Swagger2ControllerWebMvc#getDocumentation(String, HttpServletRequest)]
17:43:08:661  INFO 20208 --- [main] o.s.b.w.embedded.tomcat.TomcatWebServer  : Tomcat started on port(s): 8080 (http) with context path ''
17:43:08:662  INFO 20208 --- [main] d.s.w.p.DocumentationPluginsBootstrapper : Documentation plugins bootstrapped
17:43:08:664  INFO 20208 --- [main] d.s.w.p.DocumentationPluginsBootstrapper : Found 1 custom documentation plugin(s)
17:43:08:691  INFO 20208 --- [main] s.d.s.w.s.ApiListingReferenceScanner     : Scanning for api listing references
17:43:08:802  INFO 20208 --- [main] com.hmall.HMallApplication               : Started HMallApplication in 3.024 seconds (JVM running for 3.866)
